[debug] [2022-10-12T08:17:44.165Z] ----------------------------------------------------------------------
[debug] [2022-10-12T08:17:44.167Z] Command:       C:\Program Files\nodejs\node.exe C:\Users\HP\AppData\Roaming\npm\node_modules\firebase-tools\lib\bin\firebase.js init
[debug] [2022-10-12T08:17:44.168Z] CLI Version:   11.14.2
[debug] [2022-10-12T08:17:44.168Z] Platform:      win32
[debug] [2022-10-12T08:17:44.168Z] Node Version:  v16.15.0
[debug] [2022-10-12T08:17:44.168Z] Time:          Wed Oct 12 2022 13:47:44 GMT+0530 (India Standard Time)
[debug] [2022-10-12T08:17:44.169Z] ----------------------------------------------------------------------
[debug] 
[debug] [2022-10-12T08:17:44.176Z] > command requires scopes: ["email","openid","https://www.googleapis.com/auth/cloudplatformprojects.readonly","https://www.googleapis.com/auth/firebase","https://www.googleapis.com/auth/cloud-platform"]
[debug] [2022-10-12T08:17:44.177Z] > authorizing via signed-in user (laxmimit@gmail.com)
[info] 
     ######## #### ########  ######## ########     ###     ######  ########
     ##        ##  ##     ## ##       ##     ##  ##   ##  ##       ##
     ######    ##  ########  ######   ########  #########  ######  ######
     ##        ##  ##    ##  ##       ##     ## ##     ##       ## ##
     ##       #### ##     ## ######## ########  ##     ##  ######  ########

You're about to initialize a Firebase project in this directory:

  D:\DevChallenges\todo-list-app

[info] 
=== Project Setup
[info] 
[info] First, let's associate this project directory with a Firebase project.
[info] You can create multiple project aliases by running firebase use --add, 
[info] but for now we'll just set up a default project.
[info] 
[info] i  If you want to create a project in a Google Cloud organization or folder, please use "firebase projects:create" instead, and return to this command when you've created the project. 
[debug] [2022-10-12T08:19:18.614Z] >>> [apiv2][query] POST https://cloudresourcemanager.googleapis.com/v1/projects [none]
[debug] [2022-10-12T08:19:18.615Z] >>> [apiv2][body] POST https://cloudresourcemanager.googleapis.com/v1/projects {"projectId":"todolistapp-devchallenge","name":"todolistappreact"}
[debug] [2022-10-12T08:19:20.042Z] <<< [apiv2][status] POST https://cloudresourcemanager.googleapis.com/v1/projects 409
[debug] [2022-10-12T08:19:20.042Z] <<< [apiv2][body] POST https://cloudresourcemanager.googleapis.com/v1/projects {"error":{"code":409,"message":"Requested entity already exists","status":"ALREADY_EXISTS"}}
[debug] [2022-10-12T08:19:20.191Z] FirebaseError: HTTP Error: 409, Requested entity already exists
    at responseToError (C:\Users\HP\AppData\Roaming\npm\node_modules\firebase-tools\lib\responseToError.js:49:12)
    at RetryOperation._fn (C:\Users\HP\AppData\Roaming\npm\node_modules\firebase-tools\lib\apiv2.js:288:77)
    at processTicksAndRejections (node:internal/process/task_queues:96:5)
[error] 
[error] Error: Failed to create project because there is already a project with ID todolistapp-devchallenge. Please try again with a unique project ID.
[debug] [2022-10-12T08:25:48.579Z] ----------------------------------------------------------------------
[debug] [2022-10-12T08:25:48.581Z] Command:       C:\Program Files\nodejs\node.exe C:\Users\HP\AppData\Roaming\npm\node_modules\firebase-tools\lib\bin\firebase.js init
[debug] [2022-10-12T08:25:48.581Z] CLI Version:   11.14.2
[debug] [2022-10-12T08:25:48.582Z] Platform:      win32
[debug] [2022-10-12T08:25:48.582Z] Node Version:  v16.15.0
[debug] [2022-10-12T08:25:48.582Z] Time:          Wed Oct 12 2022 13:55:48 GMT+0530 (India Standard Time)
[debug] [2022-10-12T08:25:48.583Z] ----------------------------------------------------------------------
[debug] 
[debug] [2022-10-12T08:25:48.591Z] > command requires scopes: ["email","openid","https://www.googleapis.com/auth/cloudplatformprojects.readonly","https://www.googleapis.com/auth/firebase","https://www.googleapis.com/auth/cloud-platform"]
[debug] [2022-10-12T08:25:48.591Z] > authorizing via signed-in user (laxmimit@gmail.com)
[info] 
     ######## #### ########  ######## ########     ###     ######  ########
     ##        ##  ##     ## ##       ##     ##  ##   ##  ##       ##
     ######    ##  ########  ######   ########  #########  ######  ######
     ##        ##  ##    ##  ##       ##     ## ##     ##       ## ##
     ##       #### ##     ## ######## ########  ##     ##  ######  ########

You're about to initialize a Firebase project in this directory:

  D:\DevChallenges\todo-list-app

[info] 
=== Project Setup
[info] 
[info] First, let's associate this project directory with a Firebase project.
[info] You can create multiple project aliases by running firebase use --add, 
[info] but for now we'll just set up a default project.
[info] 
[debug] [2022-10-12T08:26:01.497Z] >>> [apiv2][query] GET https://firebase.googleapis.com/v1beta1/projects pageSize=100
[debug] [2022-10-12T08:26:02.411Z] <<< [apiv2][status] GET https://firebase.googleapis.com/v1beta1/projects 200
[debug] [2022-10-12T08:26:02.411Z] <<< [apiv2][body] GET https://firebase.googleapis.com/v1beta1/projects [omitted]
[info] i  Using project todolistapp-devchallenge (todolistapp-devchallenge) 
[info] 
=== Hosting Setup
[info] 
[info] Your public directory is the folder (relative to your project directory) that
[info] will contain Hosting assets to be uploaded with firebase deploy. If you
[info] have a build process for your assets, use your build's output directory.
[info] 
[debug] [2022-10-12T08:26:43.290Z] >>> [apiv2][query] GET https://www.gstatic.com/firebasejs/releases.json [none]
[debug] [2022-10-12T08:26:43.406Z] <<< [apiv2][status] GET https://www.gstatic.com/firebasejs/releases.json 200
[debug] [2022-10-12T08:26:43.406Z] <<< [apiv2][body] GET https://www.gstatic.com/firebasejs/releases.json {"current":{"version":"9.12.0","browserURL":"https://www.gstatic.com/firebasejs/9.12.0/firebase.js","packageURL":"https://www.gstatic.com/firebasejs/9.12.0/firebase.tgz"},"live":{"version":"9.12","browserURL":"https://www.gstatic.com/firebasejs/live/9.12/firebase.js","packageURL":"https://www.gstatic.com/firebasejs/live/9.12/firebase.tgz"},"components":{"analytics":"https://www.gstatic.com/firebasejs/9.12.0/firebase-analytics.js","app":"https://www.gstatic.com/firebasejs/9.12.0/firebase-app.js","app-check":"https://www.gstatic.com/firebasejs/9.12.0/firebase-app-check.js","auth":"https://www.gstatic.com/firebasejs/9.12.0/firebase-auth.js","auth/cordova":"https://www.gstatic.com/firebasejs/9.12.0/firebase-auth/cordova.js","auth/react-native":"https://www.gstatic.com/firebasejs/9.12.0/firebase-auth/react-native.js","functions":"https://www.gstatic.com/firebasejs/9.12.0/firebase-functions.js","firestore":"https://www.gstatic.com/firebasejs/9.12.0/firebase-firestore.js","firestore/lite":"https://www.gstatic.com/firebasejs/9.12.0/firebase-firestore/lite.js","installations":"https://www.gstatic.com/firebasejs/9.12.0/firebase-installations.js","storage":"https://www.gstatic.com/firebasejs/9.12.0/firebase-storage.js","performance":"https://www.gstatic.com/firebasejs/9.12.0/firebase-performance.js","remote-config":"https://www.gstatic.com/firebasejs/9.12.0/firebase-remote-config.js","messaging":"https://www.gstatic.com/firebasejs/9.12.0/firebase-messaging.js","messaging/sw":"https://www.gstatic.com/firebasejs/9.12.0/firebase-messaging/sw.js","database":"https://www.gstatic.com/firebasejs/9.12.0/firebase-database.js","firestore.memory":"https://www.gstatic.com/firebasejs/9.12.0/firebase-firestore.memory.js"}}
[info] i  Skipping write of public/index.html 
[info] 
[info] i  Detected a .git folder at D:\DevChallenges\todo-list-app 
[info] i  Authorizing with GitHub to upload your service account to a GitHub repository's secrets store. 
[info] 
[info] Visit this URL on this device to log in:
[info] https://github.com/login/oauth/authorize?client_id=89cf50f02ac6aaed3484&state=991343630&redirect_uri=http%3A%2F%2Flocalhost%3A9005&scope=read%3Auser%20repo%20public_repo
[info] 
[info] Waiting for authentication...
[debug] [2022-10-12T08:27:35.244Z] >>> [apiv2][query] POST https://github.com/login/oauth/access_token [none]
[debug] [2022-10-12T08:27:35.244Z] >>> [apiv2][body] POST https://github.com/login/oauth/access_token [stream]
[debug] [2022-10-12T08:27:35.703Z] <<< [apiv2][status] POST https://github.com/login/oauth/access_token 200
[debug] [2022-10-12T08:27:35.703Z] <<< [apiv2][body] POST https://github.com/login/oauth/access_token {"access_token":"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","token_type":"bearer","scope":"read:user,repo"}
[debug] [2022-10-12T08:27:35.712Z] >>> [apiv2][query] GET https://api.github.com/user [none]
[debug] [2022-10-12T08:27:36.148Z] <<< [apiv2][status] GET https://api.github.com/user 200
[debug] [2022-10-12T08:27:36.149Z] <<< [apiv2][body] GET https://api.github.com/user {"login":"iknlaxmi","id":45654123,"node_id":"MDQ6VXNlcjQ1NjU0MTIz","avatar_url":"https://avatars.githubusercontent.com/u/45654123?v=4","gravatar_id":"","url":"https://api.github.com/users/iknlaxmi","html_url":"https://github.com/iknlaxmi","followers_url":"https://api.github.com/users/iknlaxmi/followers","following_url":"https://api.github.com/users/iknlaxmi/following{/other_user}","gists_url":"https://api.github.com/users/iknlaxmi/gists{/gist_id}","starred_url":"https://api.github.com/users/iknlaxmi/starred{/owner}{/repo}","subscriptions_url":"https://api.github.com/users/iknlaxmi/subscriptions","organizations_url":"https://api.github.com/users/iknlaxmi/orgs","repos_url":"https://api.github.com/users/iknlaxmi/repos","events_url":"https://api.github.com/users/iknlaxmi/events{/privacy}","received_events_url":"https://api.github.com/users/iknlaxmi/received_events","type":"User","site_admin":false,"name":null,"company":null,"blog":"","location":null,"email":null,"hireable":null,"bio":null,"twitter_username":null,"public_repos":34,"public_gists":0,"followers":0,"following":0,"created_at":"2018-12-06T08:39:37Z","updated_at":"2022-09-14T10:12:58Z","private_gists":0,"total_private_repos":0,"owned_private_repos":0,"disk_usage":26009,"collaborators":0,"two_factor_authentication":false,"plan":{"name":"free","space":976562499,"collaborators":0,"private_repos":10000}}
[info] 
[info] +  Success! Logged into GitHub as iknlaxmi 
[info] 
